0 info it worked if it ends with ok
1 verbose cli [ '/usr/local/bin/node',
1 verbose cli   '/usr/local/bin/npm',
1 verbose cli   'install',
1 verbose cli   'read.js' ]
2 info using npm@3.9.5
3 info using node@v5.3.0
4 silly loadCurrentTree Starting
5 silly install loadCurrentTree
6 silly install readLocalPackageData
7 silly fetchPackageMetaData read.js
8 silly fetchOtherPackageData read.js
9 silly cache add args [ 'read.js', null ]
10 verbose cache add spec read.js
11 silly cache add parsed spec Result {
11 silly cache add   raw: 'read.js',
11 silly cache add   scope: null,
11 silly cache add   name: null,
11 silly cache add   rawSpec: 'read.js',
11 silly cache add   spec: '/Users/iownthegame/Recognizhyuin/read.js',
11 silly cache add   type: 'local' }
12 silly addLocalTarball shasum (computed) 6150af971d7dfb819edcf9876293feb0faa065a9
13 verbose addTmpTarball /Users/iownthegame/Recognizhyuin/read.js not in flight; adding
14 verbose correctMkdir /Users/iownthegame/.npm correctMkdir not in flight; initializing
15 verbose addTmpTarball validating metadata from /Users/iownthegame/Recognizhyuin/read.js
16 verbose tar unpack /Users/iownthegame/Recognizhyuin/read.js
17 verbose tar unpacking to /var/folders/yx/d8jj23bs6z973bj8zxr_8kqm0000gn/T/npm-5339-d34f2125/unpack-13bb12d6
18 silly gentlyRm /var/folders/yx/d8jj23bs6z973bj8zxr_8kqm0000gn/T/npm-5339-d34f2125/unpack-13bb12d6 is being purged
19 verbose gentlyRm don't care about contents; nuking /var/folders/yx/d8jj23bs6z973bj8zxr_8kqm0000gn/T/npm-5339-d34f2125/unpack-13bb12d6
20 silly gunzTarPerm modes [ '755', '644' ]
21 error not a package /Users/iownthegame/Recognizhyuin/read.js
22 error addLocal Could not install /Users/iownthegame/Recognizhyuin/read.js
23 silly fetchPackageMetaData Error: ENOENT: no such file or directory, open '/var/folders/yx/d8jj23bs6z973bj8zxr_8kqm0000gn/T/npm-5339-d34f2125/unpack-13bb12d6/package.json'
23 silly fetchPackageMetaData     at Error (native)
23 silly fetchPackageMetaData  error for read.js { [Error: ENOENT: no such file or directory, open '/var/folders/yx/d8jj23bs6z973bj8zxr_8kqm0000gn/T/npm-5339-d34f2125/unpack-13bb12d6/package.json']
23 silly fetchPackageMetaData   errno: -2,
23 silly fetchPackageMetaData   code: 'ENOENT',
23 silly fetchPackageMetaData   syscall: 'open',
23 silly fetchPackageMetaData   path: '/var/folders/yx/d8jj23bs6z973bj8zxr_8kqm0000gn/T/npm-5339-d34f2125/unpack-13bb12d6/package.json' }
24 silly rollbackFailedOptional Starting
25 silly rollbackFailedOptional Finishing
26 silly runTopLevelLifecycles Starting
27 silly runTopLevelLifecycles Finishing
28 silly install printInstalled
29 verbose stack Error: ENOENT: no such file or directory, open '/var/folders/yx/d8jj23bs6z973bj8zxr_8kqm0000gn/T/npm-5339-d34f2125/unpack-13bb12d6/package.json'
29 verbose stack     at Error (native)
30 verbose cwd /Users/iownthegame/Recognizhyuin
31 error Darwin 15.6.0
32 error argv "/usr/local/bin/node" "/usr/local/bin/npm" "install" "read.js"
33 error node v5.3.0
34 error npm  v3.9.5
35 error path /var/folders/yx/d8jj23bs6z973bj8zxr_8kqm0000gn/T/npm-5339-d34f2125/unpack-13bb12d6/package.json
36 error code ENOENT
37 error errno -2
38 error syscall open
39 error enoent ENOENT: no such file or directory, open '/var/folders/yx/d8jj23bs6z973bj8zxr_8kqm0000gn/T/npm-5339-d34f2125/unpack-13bb12d6/package.json'
40 error enoent ENOENT: no such file or directory, open '/var/folders/yx/d8jj23bs6z973bj8zxr_8kqm0000gn/T/npm-5339-d34f2125/unpack-13bb12d6/package.json'
40 error enoent This is most likely not a problem with npm itself
40 error enoent and is related to npm not being able to find a file.
41 verbose exit [ -2, true ]
